  Stdafx.cpp
  AssemblyInfo.cpp
  CookieManager.cpp
  CefBrowserHostWrapper.cpp
  CefContextMenuParamsWrapper.cpp
  CefExtensionWrapper.cpp
  CefFrameWrapper.cpp
  CefSharpBrowserWrapper.cpp
  CefUrlRequestClientAdapter.cpp
  CefUrlRequestWrapper.cpp
D:\Projects\Cef\CefSharp-75.1.143\CefSharp.Core\Internals\TypeConversion.h(240,36): warning C4018: '<': signed/unsigned mismatch (compiling source file Internals\CefExtensionWrapper.cpp)
  CefValueWrapper.cpp
  ClientAdapter.cpp
D:\Projects\Cef\CefSharp-75.1.143\CefSharp.Core\Internals\TypeConversion.h(254,36): warning C4018: '<': signed/unsigned mismatch (compiling source file Internals\CefExtensionWrapper.cpp)
D:\Projects\Cef\CefSharp-75.1.143\CefSharp.Core\RequestContext.h(203): warning C4638: XML document comment applied to 'CefSharp.RequestContext.HasPreference(System.String)': reference to unknown symbol 'IBrowserProcessHandler.OnContextInitialized'. (compiling source file Internals\CefExtensionWrapper.cpp)
D:\Projects\Cef\CefSharp-75.1.143\CefSharp.Core\RequestContext.h(216): warning C4638: XML document comment applied to 'CefSharp.RequestContext.GetPreference(System.String)': reference to unknown symbol 'IBrowserProcessHandler.OnContextInitialized'. (compiling source file Internals\CefExtensionWrapper.cpp)
D:\Projects\Cef\CefSharp-75.1.143\CefSharp.Core\RequestContext.h(244): warning C4638: XML document comment applied to 'CefSharp.RequestContext.CanSetPreference(System.String)': reference to unknown symbol 'IBrowserProcessHandler.OnContextInitialized'. (compiling source file Internals\CefExtensionWrapper.cpp)
D:\Projects\Cef\CefSharp-75.1.143\CefSharp.Core\RequestContext.h(259): warning C4638: XML document comment applied to 'CefSharp.RequestContext.SetPreference(System.String,System.Object,System.String@)': reference to unknown symbol 'IBrowserProcessHandler.OnContextInitialized'. (compiling source file Internals\CefExtensionWrapper.cpp)
D:\Projects\Cef\CefSharp-75.1.143\CefSharp.Core\RequestContext.h(277): warning C4638: XML document comment applied to 'CefSharp.RequestContext.ClearCertificateExceptions(CefSharp.ICompletionCallback)': reference to unknown symbol 'IRequestHandler.OnCertificateError'. (compiling source file Internals\CefExtensionWrapper.cpp)
D:\Projects\Cef\CefSharp-75.1.143\CefSharp.Core\RequestContext.h(277): warning C4638: XML document comment applied to 'CefSharp.RequestContext.ClearCertificateExceptions(CefSharp.ICompletionCallback)': reference to unknown symbol 'IRequestContext.CloseAllConnections'. (compiling source file Internals\CefExtensionWrapper.cpp)
D:\Projects\Cef\CefSharp-75.1.143\CefSharp.Core\RequestContext.h(303): warning C4638: XML document comment applied to 'CefSharp.RequestContext.DidLoadExtension(System.String)': reference to unknown symbol 'IBrowserProcessHandler.OnContextInitialized'. (compiling source file Internals\CefExtensionWrapper.cpp)
D:\Projects\Cef\CefSharp-75.1.143\CefSharp.Core\RequestContext.h(315): warning C4638: XML document comment applied to 'CefSharp.RequestContext.GetExtension(System.String)': reference to unknown symbol 'IBrowserProcessHandler.OnContextInitialized'. (compiling source file Internals\CefExtensionWrapper.cpp)
D:\Projects\Cef\CefSharp-75.1.143\CefSharp.Core\RequestContext.h(328): warning C4638: XML document comment applied to 'CefSharp.RequestContext.GetExtensions(System.Collections.Generic.IList`1{System.String}@)': reference to unknown symbol 'extensionIds'. (compiling source file Internals\CefExtensionWrapper.cpp)
D:\Projects\Cef\CefSharp-75.1.143\CefSharp.Core\RequestContext.h(328): warning C4638: XML document comment applied to 'CefSharp.RequestContext.GetExtensions(System.Collections.Generic.IList`1{System.String}@)': reference to unknown symbol 'IBrowserProcessHandler.OnContextInitialized'. (compiling source file Internals\CefExtensionWrapper.cpp)
D:\Projects\Cef\CefSharp-75.1.143\CefSharp.Core\RequestContext.h(342): warning C4638: XML document comment applied to 'CefSharp.RequestContext.HasExtension(System.String)': reference to unknown symbol 'IBrowserProcessHandler.OnContextInitialized'. (compiling source file Internals\CefExtensionWrapper.cpp)
D:\Projects\Cef\CefSharp-75.1.143\CefSharp.Core\RequestContext.h(356): warning C4638: XML document comment applied to 'CefSharp.RequestContext.LoadExtension(System.String,System.String,CefSharp.IExtensionHandler)': reference to unknown symbol 'IExtensionHandler.OnExtensionLoaded'. (compiling source file Internals\CefExtensionWrapper.cpp)
D:\Projects\Cef\CefSharp-75.1.143\CefSharp.Core\RequestContext.h(356): warning C4638: XML document comment applied to 'CefSharp.RequestContext.LoadExtension(System.String,System.String,CefSharp.IExtensionHandler)': reference to unknown symbol 'IExtensionHandler.OnExtensionLoadFailed'. (compiling source file Internals\CefExtensionWrapper.cpp)
D:\Projects\Cef\CefSharp-75.1.143\CefSharp.Core\RequestContext.h(356): warning C4638: XML document comment applied to 'CefSharp.RequestContext.LoadExtension(System.String,System.String,CefSharp.IExtensionHandler)': reference to unknown symbol 'IExtensionHandler.OnBeforeBackgroundBrowser'. (compiling source file Internals\CefExtensionWrapper.cpp)
D:\Projects\Cef\CefSharp-75.1.143\CefSharp.Core\RequestContext.h(356): warning C4638: XML document comment applied to 'CefSharp.RequestContext.LoadExtension(System.String,System.String,CefSharp.IExtensionHandler)': reference to unknown symbol 'IBrowserHost.GetExtension'. (compiling source file Internals\CefExtensionWrapper.cpp)
D:\Projects\Cef\CefSharp-75.1.143\CefSharp.Core\Internals\CefExtensionWrapper.cpp(45,32): warning C4018: '<': signed/unsigned mismatch
D:\Projects\Cef\CefSharp-75.1.143\CefSharp.Core\AbstractCefSettings.h(252): warning C4638: XML document comment applied to 'CefSharp.AbstractCefSettings.LogSeverity': reference to unknown symbol 'CefSharp.LogSeverity.Disable'. (compiling source file Internals\CefBrowserHostWrapper.cpp)
D:\Projects\Cef\CefSharp-75.1.143\packages\cef.sdk.75.1.14\CEF\include\base\internal\cef_atomicops_x86_msvc.h(73): warning C4793: 'base::subtle::Barrier_AtomicIncrement': function compiled as native:
D:\Projects\Cef\CefSharp-75.1.143\packages\cef.sdk.75.1.14\CEF\include\base\internal\cef_atomicops_x86_msvc.h(73): warning C4793: 	Found an intrinsic not supported in managed code
D:\Projects\Cef\CefSharp-75.1.143\CefSharp.Core\Internals\TypeConversion.h(240,36): warning C4018: '<': signed/unsigned mismatch (compiling source file Internals\CefUrlRequestWrapper.cpp)
  CookieVisitor.cpp
  CefRequestWrapper.cpp
D:\Projects\Cef\CefSharp-75.1.143\CefSharp.Core\Internals\TypeConversion.h(254,36): warning C4018: '<': signed/unsigned mismatch (compiling source file Internals\CefUrlRequestWrapper.cpp)
D:\Projects\Cef\CefSharp-75.1.143\CefSharp.Core\Internals\TypeConversion.h(240,36): warning C4018: '<': signed/unsigned mismatch (compiling source file Internals\CefValueWrapper.cpp)
D:\Projects\Cef\CefSharp-75.1.143\CefSharp.Core\Internals\TypeConversion.h(254,36): warning C4018: '<': signed/unsigned mismatch (compiling source file Internals\CefValueWrapper.cpp)
D:\Projects\Cef\CefSharp-75.1.143\CefSharp.Core\Internals\CefValueWrapper.cpp(54,24): warning C4018: '<': signed/unsigned mismatch
D:\Projects\Cef\CefSharp-75.1.143\CefSharp.Core\Internals\CefValueWrapper.cpp(73,24): warning C4018: '<': signed/unsigned mismatch
D:\Projects\Cef\CefSharp-75.1.143\CefSharp.Core\RequestContext.h(203): warning C4638: XML document comment applied to 'CefSharp.RequestContext.HasPreference(System.String)': reference to unknown symbol 'IBrowserProcessHandler.OnContextInitialized'. (compiling source file Internals\CefBrowserHostWrapper.cpp)
D:\Projects\Cef\CefSharp-75.1.143\CefSharp.Core\RequestContext.h(216): warning C4638: XML document comment applied to 'CefSharp.RequestContext.GetPreference(System.String)': reference to unknown symbol 'IBrowserProcessHandler.OnContextInitialized'. (compiling source file Internals\CefBrowserHostWrapper.cpp)
D:\Projects\Cef\CefSharp-75.1.143\CefSharp.Core\RequestContext.h(244): warning C4638: XML document comment applied to 'CefSharp.RequestContext.CanSetPreference(System.String)': reference to unknown symbol 'IBrowserProcessHandler.OnContextInitialized'. (compiling source file Internals\CefBrowserHostWrapper.cpp)
D:\Projects\Cef\CefSharp-75.1.143\CefSharp.Core\RequestContext.h(259): warning C4638: XML document comment applied to 'CefSharp.RequestContext.SetPreference(System.String,System.Object,System.String@)': reference to unknown symbol 'IBrowserProcessHandler.OnContextInitialized'. (compiling source file Internals\CefBrowserHostWrapper.cpp)
D:\Projects\Cef\CefSharp-75.1.143\CefSharp.Core\RequestContext.h(277): warning C4638: XML document comment applied to 'CefSharp.RequestContext.ClearCertificateExceptions(CefSharp.ICompletionCallback)': reference to unknown symbol 'IRequestHandler.OnCertificateError'. (compiling source file Internals\CefBrowserHostWrapper.cpp)
D:\Projects\Cef\CefSharp-75.1.143\CefSharp.Core\RequestContext.h(277): warning C4638: XML document comment applied to 'CefSharp.RequestContext.ClearCertificateExceptions(CefSharp.ICompletionCallback)': reference to unknown symbol 'IRequestContext.CloseAllConnections'. (compiling source file Internals\CefBrowserHostWrapper.cpp)
D:\Projects\Cef\CefSharp-75.1.143\CefSharp.Core\RequestContext.h(303): warning C4638: XML document comment applied to 'CefSharp.RequestContext.DidLoadExtension(System.String)': reference to unknown symbol 'IBrowserProcessHandler.OnContextInitialized'. (compiling source file Internals\CefBrowserHostWrapper.cpp)
D:\Projects\Cef\CefSharp-75.1.143\CefSharp.Core\RequestContext.h(315): warning C4638: XML document comment applied to 'CefSharp.RequestContext.GetExtension(System.String)': reference to unknown symbol 'IBrowserProcessHandler.OnContextInitialized'. (compiling source file Internals\CefBrowserHostWrapper.cpp)
D:\Projects\Cef\CefSharp-75.1.143\CefSharp.Core\RequestContext.h(328): warning C4638: XML document comment applied to 'CefSharp.RequestContext.GetExtensions(System.Collections.Generic.IList`1{System.String}@)': reference to unknown symbol 'extensionIds'. (compiling source file Internals\CefBrowserHostWrapper.cpp)
D:\Projects\Cef\CefSharp-75.1.143\CefSharp.Core\RequestContext.h(328): warning C4638: XML document comment applied to 'CefSharp.RequestContext.GetExtensions(System.Collections.Generic.IList`1{System.String}@)': reference to unknown symbol 'IBrowserProcessHandler.OnContextInitialized'. (compiling source file Internals\CefBrowserHostWrapper.cpp)
D:\Projects\Cef\CefSharp-75.1.143\CefSharp.Core\RequestContext.h(342): warning C4638: XML document comment applied to 'CefSharp.RequestContext.HasExtension(System.String)': reference to unknown symbol 'IBrowserProcessHandler.OnContextInitialized'. (compiling source file Internals\CefBrowserHostWrapper.cpp)
D:\Projects\Cef\CefSharp-75.1.143\CefSharp.Core\RequestContext.h(356): warning C4638: XML document comment applied to 'CefSharp.RequestContext.LoadExtension(System.String,System.String,CefSharp.IExtensionHandler)': reference to unknown symbol 'IExtensionHandler.OnExtensionLoaded'. (compiling source file Internals\CefBrowserHostWrapper.cpp)
D:\Projects\Cef\CefSharp-75.1.143\CefSharp.Core\RequestContext.h(356): warning C4638: XML document comment applied to 'CefSharp.RequestContext.LoadExtension(System.String,System.String,CefSharp.IExtensionHandler)': reference to unknown symbol 'IExtensionHandler.OnExtensionLoadFailed'. (compiling source file Internals\CefBrowserHostWrapper.cpp)
D:\Projects\Cef\CefSharp-75.1.143\CefSharp.Core\RequestContext.h(356): warning C4638: XML document comment applied to 'CefSharp.RequestContext.LoadExtension(System.String,System.String,CefSharp.IExtensionHandler)': reference to unknown symbol 'IExtensionHandler.OnBeforeBackgroundBrowser'. (compiling source file Internals\CefBrowserHostWrapper.cpp)
D:\Projects\Cef\CefSharp-75.1.143\CefSharp.Core\RequestContext.h(356): warning C4638: XML document comment applied to 'CefSharp.RequestContext.LoadExtension(System.String,System.String,CefSharp.IExtensionHandler)': reference to unknown symbol 'IBrowserHost.GetExtension'. (compiling source file Internals\CefBrowserHostWrapper.cpp)
D:\Projects\Cef\CefSharp-75.1.143\CefSharp.Core\Cef.h(484): warning C4638: XML document comment applied to 'CefSharp.Cef.GetPlugins': reference to unknown symbol 'Plugin'. (compiling source file Internals\CefBrowserHostWrapper.cpp)
D:\Projects\Cef\CefSharp-75.1.143\CefSharp.Core\Cef.h(660): warning C4638: XML document comment applied to 'CefSharp.Cef.RegisterWidevineCdm(System.String,CefSharp.IRegisterCdmCallback)': reference to unknown symbol 'CefSharp.IBrowserHost.StartDownload'. (compiling source file Internals\CefBrowserHostWrapper.cpp)
D:\Projects\Cef\CefSharp-75.1.143\CefSharp.Core\Cef.h(660): warning C4638: XML document comment applied to 'CefSharp.Cef.RegisterWidevineCdm(System.String,CefSharp.IRegisterCdmCallback)': reference to unknown symbol 'CefSharp.CdmRegistrationErrorCode.IncorrectContents'. (compiling source file Internals\CefBrowserHostWrapper.cpp)
D:\Projects\Cef\CefSharp-75.1.143\CefSharp.Core\Cef.h(660): warning C4638: XML document comment applied to 'CefSharp.Cef.RegisterWidevineCdm(System.String,CefSharp.IRegisterCdmCallback)': reference to unknown symbol 'CdmRegistrationErrorCode.Incompatible'. (compiling source file Internals\CefBrowserHostWrapper.cpp)
D:\Projects\Cef\CefSharp-75.1.143\CefSharp.Core\Cef.h(660): warning C4638: XML document comment applied to 'CefSharp.Cef.RegisterWidevineCdm(System.String,CefSharp.IRegisterCdmCallback)': reference to unknown symbol 'CdmRegistrationErrorCode.NotSupported'. (compiling source file Internals\CefBrowserHostWrapper.cpp)
D:\Projects\Cef\CefSharp-75.1.143\CefSharp.Core\Cef.h(660): warning C4638: XML document comment applied to 'CefSharp.Cef.RegisterWidevineCdm(System.String,CefSharp.IRegisterCdmCallback)': reference to unknown symbol 'IRegisterCdmCallback.OnRegistrationCompletecallback'. (compiling source file Internals\CefBrowserHostWrapper.cpp)
D:\Projects\Cef\CefSharp-75.1.143\CefSharp.Core\Internals\TypeConversion.h(240,36): warning C4018: '<': signed/unsigned mismatch (compiling source file Internals\CookieVisitor.cpp)
D:\Projects\Cef\CefSharp-75.1.143\CefSharp.Core\Internals\TypeConversion.h(254,36): warning C4018: '<': signed/unsigned mismatch (compiling source file Internals\CookieVisitor.cpp)
D:\Projects\Cef\CefSharp-75.1.143\CefSharp.Core\Internals\TypeConversion.h(240,36): warning C4018: '<': signed/unsigned mismatch (compiling source file Internals\CefRequestWrapper.cpp)
D:\Projects\Cef\CefSharp-75.1.143\CefSharp.Core\Internals\TypeConversion.h(254,36): warning C4018: '<': signed/unsigned mismatch (compiling source file Internals\CefRequestWrapper.cpp)
D:\Projects\Cef\CefSharp-75.1.143\CefSharp.Core\Internals\TypeConversion.h(240,36): warning C4018: '<': signed/unsigned mismatch (compiling source file Internals\CefBrowserHostWrapper.cpp)
D:\Projects\Cef\CefSharp-75.1.143\CefSharp.Core\Internals\TypeConversion.h(254,36): warning C4018: '<': signed/unsigned mismatch (compiling source file Internals\CefBrowserHostWrapper.cpp)
D:\Projects\Cef\CefSharp-75.1.143\CefSharp.Core\Internals\TypeConversion.h(240,36): warning C4018: '<': signed/unsigned mismatch (compiling source file Internals\ClientAdapter.cpp)
D:\Projects\Cef\CefSharp-75.1.143\CefSharp.Core\Internals\TypeConversion.h(254,36): warning C4018: '<': signed/unsigned mismatch (compiling source file Internals\ClientAdapter.cpp)
D:\Projects\Cef\CefSharp-75.1.143\packages\cef.sdk.75.1.14\CEF\include\base\internal\cef_atomicops_x86_msvc.h(73): warning C4793: 'base::subtle::Barrier_AtomicIncrement': function compiled as native:
D:\Projects\Cef\CefSharp-75.1.143\packages\cef.sdk.75.1.14\CEF\include\base\internal\cef_atomicops_x86_msvc.h(73): warning C4793: 	Found an intrinsic not supported in managed code
D:\Projects\Cef\CefSharp-75.1.143\packages\cef.sdk.75.1.14\CEF\include\base\internal\cef_atomicops_x86_msvc.h(73): warning C4793: 'base::subtle::Barrier_AtomicIncrement': function compiled as native:
D:\Projects\Cef\CefSharp-75.1.143\packages\cef.sdk.75.1.14\CEF\include\base\internal\cef_atomicops_x86_msvc.h(73): warning C4793: 	Found an intrinsic not supported in managed code
D:\Projects\Cef\CefSharp-75.1.143\CefSharp.Core\Internals\CefResponseFilterAdapter.h(76,30): warning C4244: '=': conversion from '__int64' to 'size_t', possible loss of data (compiling source file Internals\ClientAdapter.cpp)
  JavascriptCallbackProxy.cpp
  JavascriptCallbackFactory.cpp
  ObjectsSerialization.cpp
  StringVisitor.cpp
D:\Projects\Cef\CefSharp-75.1.143\CefSharp.Core\Internals\CefResponseFilterAdapter.h(77,34): warning C4244: '=': conversion from '__int64' to 'size_t', possible loss of data (compiling source file Internals\ClientAdapter.cpp)
D:\Projects\Cef\CefSharp-75.1.143\CefSharp.Core\RequestContext.h(203): warning C4638: XML document comment applied to 'CefSharp.RequestContext.HasPreference(System.String)': reference to unknown symbol 'IBrowserProcessHandler.OnContextInitialized'. (compiling source file Internals\ClientAdapter.cpp)
D:\Projects\Cef\CefSharp-75.1.143\CefSharp.Core\RequestContext.h(216): warning C4638: XML document comment applied to 'CefSharp.RequestContext.GetPreference(System.String)': reference to unknown symbol 'IBrowserProcessHandler.OnContextInitialized'. (compiling source file Internals\ClientAdapter.cpp)
D:\Projects\Cef\CefSharp-75.1.143\CefSharp.Core\RequestContext.h(244): warning C4638: XML document comment applied to 'CefSharp.RequestContext.CanSetPreference(System.String)': reference to unknown symbol 'IBrowserProcessHandler.OnContextInitialized'. (compiling source file Internals\ClientAdapter.cpp)
D:\Projects\Cef\CefSharp-75.1.143\CefSharp.Core\RequestContext.h(259): warning C4638: XML document comment applied to 'CefSharp.RequestContext.SetPreference(System.String,System.Object,System.String@)': reference to unknown symbol 'IBrowserProcessHandler.OnContextInitialized'. (compiling source file Internals\ClientAdapter.cpp)
D:\Projects\Cef\CefSharp-75.1.143\CefSharp.Core\RequestContext.h(277): warning C4638: XML document comment applied to 'CefSharp.RequestContext.ClearCertificateExceptions(CefSharp.ICompletionCallback)': reference to unknown symbol 'IRequestHandler.OnCertificateError'. (compiling source file Internals\ClientAdapter.cpp)
D:\Projects\Cef\CefSharp-75.1.143\CefSharp.Core\RequestContext.h(277): warning C4638: XML document comment applied to 'CefSharp.RequestContext.ClearCertificateExceptions(CefSharp.ICompletionCallback)': reference to unknown symbol 'IRequestContext.CloseAllConnections'. (compiling source file Internals\ClientAdapter.cpp)
D:\Projects\Cef\CefSharp-75.1.143\CefSharp.Core\RequestContext.h(303): warning C4638: XML document comment applied to 'CefSharp.RequestContext.DidLoadExtension(System.String)': reference to unknown symbol 'IBrowserProcessHandler.OnContextInitialized'. (compiling source file Internals\ClientAdapter.cpp)
D:\Projects\Cef\CefSharp-75.1.143\CefSharp.Core\RequestContext.h(315): warning C4638: XML document comment applied to 'CefSharp.RequestContext.GetExtension(System.String)': reference to unknown symbol 'IBrowserProcessHandler.OnContextInitialized'. (compiling source file Internals\ClientAdapter.cpp)
D:\Projects\Cef\CefSharp-75.1.143\CefSharp.Core\RequestContext.h(328): warning C4638: XML document comment applied to 'CefSharp.RequestContext.GetExtensions(System.Collections.Generic.IList`1{System.String}@)': reference to unknown symbol 'extensionIds'. (compiling source file Internals\ClientAdapter.cpp)
D:\Projects\Cef\CefSharp-75.1.143\CefSharp.Core\RequestContext.h(328): warning C4638: XML document comment applied to 'CefSharp.RequestContext.GetExtensions(System.Collections.Generic.IList`1{System.String}@)': reference to unknown symbol 'IBrowserProcessHandler.OnContextInitialized'. (compiling source file Internals\ClientAdapter.cpp)
D:\Projects\Cef\CefSharp-75.1.143\CefSharp.Core\RequestContext.h(342): warning C4638: XML document comment applied to 'CefSharp.RequestContext.HasExtension(System.String)': reference to unknown symbol 'IBrowserProcessHandler.OnContextInitialized'. (compiling source file Internals\ClientAdapter.cpp)
D:\Projects\Cef\CefSharp-75.1.143\CefSharp.Core\RequestContext.h(356): warning C4638: XML document comment applied to 'CefSharp.RequestContext.LoadExtension(System.String,System.String,CefSharp.IExtensionHandler)': reference to unknown symbol 'IExtensionHandler.OnExtensionLoaded'. (compiling source file Internals\ClientAdapter.cpp)
D:\Projects\Cef\CefSharp-75.1.143\CefSharp.Core\RequestContext.h(356): warning C4638: XML document comment applied to 'CefSharp.RequestContext.LoadExtension(System.String,System.String,CefSharp.IExtensionHandler)': reference to unknown symbol 'IExtensionHandler.OnExtensionLoadFailed'. (compiling source file Internals\ClientAdapter.cpp)
D:\Projects\Cef\CefSharp-75.1.143\CefSharp.Core\RequestContext.h(356): warning C4638: XML document comment applied to 'CefSharp.RequestContext.LoadExtension(System.String,System.String,CefSharp.IExtensionHandler)': reference to unknown symbol 'IExtensionHandler.OnBeforeBackgroundBrowser'. (compiling source file Internals\ClientAdapter.cpp)
D:\Projects\Cef\CefSharp-75.1.143\CefSharp.Core\RequestContext.h(356): warning C4638: XML document comment applied to 'CefSharp.RequestContext.LoadExtension(System.String,System.String,CefSharp.IExtensionHandler)': reference to unknown symbol 'IBrowserHost.GetExtension'. (compiling source file Internals\ClientAdapter.cpp)
D:\Projects\Cef\CefSharp-75.1.143\CefSharp.Core\Internals\Serialization\ObjectsSerialization.cpp(58,40): warning C4018: '<': signed/unsigned mismatch
D:\Projects\Cef\CefSharp-75.1.143\CefSharp.Core\Internals\Serialization\ObjectsSerialization.h(27): message : see reference to function template instantiation 'System::Object ^CefSharp::Internals::Serialization::DeserializeObject<CefListValue,int>(const scoped_refptr<CefListValue> &,int,CefSharp::Internals::IJavascriptCallbackFactory ^)' being compiled (compiling source file Internals\Serialization\ObjectsSerialization.cpp)
  ManagedCefBrowserAdapter.cpp
  NativeMethodWrapper.cpp
  V8Serialization.cpp
  Primitives.cpp
D:\Projects\Cef\CefSharp-75.1.143\CefSharp.Core\Internals\Serialization\ObjectsSerialization.cpp(72,40): warning C4018: '<': signed/unsigned mismatch
D:\Projects\Cef\CefSharp-75.1.143\CefSharp.Core\RequestContext.h(203): warning C4638: XML document comment applied to 'CefSharp.RequestContext.HasPreference(System.String)': reference to unknown symbol 'IBrowserProcessHandler.OnContextInitialized'. (compiling source file Internals\JavascriptCallbackProxy.cpp)
D:\Projects\Cef\CefSharp-75.1.143\CefSharp.Core\RequestContext.h(216): warning C4638: XML document comment applied to 'CefSharp.RequestContext.GetPreference(System.String)': reference to unknown symbol 'IBrowserProcessHandler.OnContextInitialized'. (compiling source file Internals\JavascriptCallbackProxy.cpp)
D:\Projects\Cef\CefSharp-75.1.143\CefSharp.Core\RequestContext.h(244): warning C4638: XML document comment applied to 'CefSharp.RequestContext.CanSetPreference(System.String)': reference to unknown symbol 'IBrowserProcessHandler.OnContextInitialized'. (compiling source file Internals\JavascriptCallbackProxy.cpp)
D:\Projects\Cef\CefSharp-75.1.143\CefSharp.Core\RequestContext.h(259): warning C4638: XML document comment applied to 'CefSharp.RequestContext.SetPreference(System.String,System.Object,System.String@)': reference to unknown symbol 'IBrowserProcessHandler.OnContextInitialized'. (compiling source file Internals\JavascriptCallbackProxy.cpp)
D:\Projects\Cef\CefSharp-75.1.143\CefSharp.Core\RequestContext.h(203): warning C4638: XML document comment applied to 'CefSharp.RequestContext.HasPreference(System.String)': reference to unknown symbol 'IBrowserProcessHandler.OnContextInitialized'. (compiling source file Internals\JavascriptCallbackFactory.cpp)
D:\Projects\Cef\CefSharp-75.1.143\CefSharp.Core\RequestContext.h(277): warning C4638: XML document comment applied to 'CefSharp.RequestContext.ClearCertificateExceptions(CefSharp.ICompletionCallback)': reference to unknown symbol 'IRequestHandler.OnCertificateError'. (compiling source file Internals\JavascriptCallbackProxy.cpp)
D:\Projects\Cef\CefSharp-75.1.143\CefSharp.Core\RequestContext.h(216): warning C4638: XML document comment applied to 'CefSharp.RequestContext.GetPreference(System.String)': reference to unknown symbol 'IBrowserProcessHandler.OnContextInitialized'. (compiling source file Internals\JavascriptCallbackFactory.cpp)
D:\Projects\Cef\CefSharp-75.1.143\CefSharp.Core\RequestContext.h(277): warning C4638: XML document comment applied to 'CefSharp.RequestContext.ClearCertificateExceptions(CefSharp.ICompletionCallback)': reference to unknown symbol 'IRequestContext.CloseAllConnections'. (compiling source file Internals\JavascriptCallbackProxy.cpp)
D:\Projects\Cef\CefSharp-75.1.143\CefSharp.Core\RequestContext.h(244): warning C4638: XML document comment applied to 'CefSharp.RequestContext.CanSetPreference(System.String)': reference to unknown symbol 'IBrowserProcessHandler.OnContextInitialized'. (compiling source file Internals\JavascriptCallbackFactory.cpp)
D:\Projects\Cef\CefSharp-75.1.143\CefSharp.Core\RequestContext.h(303): warning C4638: XML document comment applied to 'CefSharp.RequestContext.DidLoadExtension(System.String)': reference to unknown symbol 'IBrowserProcessHandler.OnContextInitialized'. (compiling source file Internals\JavascriptCallbackProxy.cpp)
D:\Projects\Cef\CefSharp-75.1.143\CefSharp.Core\RequestContext.h(259): warning C4638: XML document comment applied to 'CefSharp.RequestContext.SetPreference(System.String,System.Object,System.String@)': reference to unknown symbol 'IBrowserProcessHandler.OnContextInitialized'. (compiling source file Internals\JavascriptCallbackFactory.cpp)
D:\Projects\Cef\CefSharp-75.1.143\CefSharp.Core\RequestContext.h(315): warning C4638: XML document comment applied to 'CefSharp.RequestContext.GetExtension(System.String)': reference to unknown symbol 'IBrowserProcessHandler.OnContextInitialized'. (compiling source file Internals\JavascriptCallbackProxy.cpp)
D:\Projects\Cef\CefSharp-75.1.143\CefSharp.Core\RequestContext.h(277): warning C4638: XML document comment applied to 'CefSharp.RequestContext.ClearCertificateExceptions(CefSharp.ICompletionCallback)': reference to unknown symbol 'IRequestHandler.OnCertificateError'. (compiling source file Internals\JavascriptCallbackFactory.cpp)
D:\Projects\Cef\CefSharp-75.1.143\CefSharp.Core\RequestContext.h(277): warning C4638: XML document comment applied to 'CefSharp.RequestContext.ClearCertificateExceptions(CefSharp.ICompletionCallback)': reference to unknown symbol 'IRequestContext.CloseAllConnections'. (compiling source file Internals\JavascriptCallbackFactory.cpp)
D:\Projects\Cef\CefSharp-75.1.143\CefSharp.Core\RequestContext.h(328): warning C4638: XML document comment applied to 'CefSharp.RequestContext.GetExtensions(System.Collections.Generic.IList`1{System.String}@)': reference to unknown symbol 'extensionIds'. (compiling source file Internals\JavascriptCallbackProxy.cpp)
D:\Projects\Cef\CefSharp-75.1.143\CefSharp.Core\RequestContext.h(328): warning C4638: XML document comment applied to 'CefSharp.RequestContext.GetExtensions(System.Collections.Generic.IList`1{System.String}@)': reference to unknown symbol 'IBrowserProcessHandler.OnContextInitialized'. (compiling source file Internals\JavascriptCallbackProxy.cpp)
D:\Projects\Cef\CefSharp-75.1.143\CefSharp.Core\RequestContext.h(303): warning C4638: XML document comment applied to 'CefSharp.RequestContext.DidLoadExtension(System.String)': reference to unknown symbol 'IBrowserProcessHandler.OnContextInitialized'. (compiling source file Internals\JavascriptCallbackFactory.cpp)
D:\Projects\Cef\CefSharp-75.1.143\CefSharp.Core\RequestContext.h(342): warning C4638: XML document comment applied to 'CefSharp.RequestContext.HasExtension(System.String)': reference to unknown symbol 'IBrowserProcessHandler.OnContextInitialized'. (compiling source file Internals\JavascriptCallbackProxy.cpp)
D:\Projects\Cef\CefSharp-75.1.143\CefSharp.Core\RequestContext.h(315): warning C4638: XML document comment applied to 'CefSharp.RequestContext.GetExtension(System.String)': reference to unknown symbol 'IBrowserProcessHandler.OnContextInitialized'. (compiling source file Internals\JavascriptCallbackFactory.cpp)
D:\Projects\Cef\CefSharp-75.1.143\CefSharp.Core\RequestContext.h(356): warning C4638: XML document comment applied to 'CefSharp.RequestContext.LoadExtension(System.String,System.String,CefSharp.IExtensionHandler)': reference to unknown symbol 'IExtensionHandler.OnExtensionLoaded'. (compiling source file Internals\JavascriptCallbackProxy.cpp)
D:\Projects\Cef\CefSharp-75.1.143\CefSharp.Core\RequestContext.h(328): warning C4638: XML document comment applied to 'CefSharp.RequestContext.GetExtensions(System.Collections.Generic.IList`1{System.String}@)': reference to unknown symbol 'extensionIds'. (compiling source file Internals\JavascriptCallbackFactory.cpp)
D:\Projects\Cef\CefSharp-75.1.143\CefSharp.Core\RequestContext.h(356): warning C4638: XML document comment applied to 'CefSharp.RequestContext.LoadExtension(System.String,System.String,CefSharp.IExtensionHandler)': reference to unknown symbol 'IExtensionHandler.OnExtensionLoadFailed'. (compiling source file Internals\JavascriptCallbackProxy.cpp)
D:\Projects\Cef\CefSharp-75.1.143\CefSharp.Core\RequestContext.h(328): warning C4638: XML document comment applied to 'CefSharp.RequestContext.GetExtensions(System.Collections.Generic.IList`1{System.String}@)': reference to unknown symbol 'IBrowserProcessHandler.OnContextInitialized'. (compiling source file Internals\JavascriptCallbackFactory.cpp)
D:\Projects\Cef\CefSharp-75.1.143\CefSharp.Core\RequestContext.h(356): warning C4638: XML document comment applied to 'CefSharp.RequestContext.LoadExtension(System.String,System.String,CefSharp.IExtensionHandler)': reference to unknown symbol 'IExtensionHandler.OnBeforeBackgroundBrowser'. (compiling source file Internals\JavascriptCallbackProxy.cpp)
D:\Projects\Cef\CefSharp-75.1.143\CefSharp.Core\RequestContext.h(356): warning C4638: XML document comment applied to 'CefSharp.RequestContext.LoadExtension(System.String,System.String,CefSharp.IExtensionHandler)': reference to unknown symbol 'IBrowserHost.GetExtension'. (compiling source file Internals\JavascriptCallbackProxy.cpp)
D:\Projects\Cef\CefSharp-75.1.143\CefSharp.Core\RequestContext.h(342): warning C4638: XML document comment applied to 'CefSharp.RequestContext.HasExtension(System.String)': reference to unknown symbol 'IBrowserProcessHandler.OnContextInitialized'. (compiling source file Internals\JavascriptCallbackFactory.cpp)
D:\Projects\Cef\CefSharp-75.1.143\CefSharp.Core\RequestContext.h(356): warning C4638: XML document comment applied to 'CefSharp.RequestContext.LoadExtension(System.String,System.String,CefSharp.IExtensionHandler)': reference to unknown symbol 'IExtensionHandler.OnExtensionLoaded'. (compiling source file Internals\JavascriptCallbackFactory.cpp)
D:\Projects\Cef\CefSharp-75.1.143\CefSharp.Core\RequestContext.h(356): warning C4638: XML document comment applied to 'CefSharp.RequestContext.LoadExtension(System.String,System.String,CefSharp.IExtensionHandler)': reference to unknown symbol 'IExtensionHandler.OnExtensionLoadFailed'. (compiling source file Internals\JavascriptCallbackFactory.cpp)
D:\Projects\Cef\CefSharp-75.1.143\CefSharp.Core\RequestContext.h(356): warning C4638: XML document comment applied to 'CefSharp.RequestContext.LoadExtension(System.String,System.String,CefSharp.IExtensionHandler)': reference to unknown symbol 'IExtensionHandler.OnBeforeBackgroundBrowser'. (compiling source file Internals\JavascriptCallbackFactory.cpp)
D:\Projects\Cef\CefSharp-75.1.143\CefSharp.Core\RequestContext.h(356): warning C4638: XML document comment applied to 'CefSharp.RequestContext.LoadExtension(System.String,System.String,CefSharp.IExtensionHandler)': reference to unknown symbol 'IBrowserHost.GetExtension'. (compiling source file Internals\JavascriptCallbackFactory.cpp)
D:\Projects\Cef\CefSharp-75.1.143\CefSharp.Core\Internals\ClientAdapter.cpp(1035,40): warning C4018: '<': signed/unsigned mismatch
  JsObjectsSerialization.cpp
D:\Projects\Cef\CefSharp-75.1.143\CefSharp.Core\Internals\ClientAdapter.cpp(1062,40): warning C4018: '<': signed/unsigned mismatch
D:\Projects\Cef\CefSharp-75.1.143\CefSharp.Core\RequestContext.h(203): warning C4638: XML document comment applied to 'CefSharp.RequestContext.HasPreference(System.String)': reference to unknown symbol 'IBrowserProcessHandler.OnContextInitialized'. (compiling source file ManagedCefBrowserAdapter.cpp)
D:\Projects\Cef\CefSharp-75.1.143\CefSharp.Core\RequestContext.h(216): warning C4638: XML document comment applied to 'CefSharp.RequestContext.GetPreference(System.String)': reference to unknown symbol 'IBrowserProcessHandler.OnContextInitialized'. (compiling source file ManagedCefBrowserAdapter.cpp)
D:\Projects\Cef\CefSharp-75.1.143\CefSharp.Core\RequestContext.h(244): warning C4638: XML document comment applied to 'CefSharp.RequestContext.CanSetPreference(System.String)': reference to unknown symbol 'IBrowserProcessHandler.OnContextInitialized'. (compiling source file ManagedCefBrowserAdapter.cpp)
D:\Projects\Cef\CefSharp-75.1.143\CefSharp.Core\RequestContext.h(259): warning C4638: XML document comment applied to 'CefSharp.RequestContext.SetPreference(System.String,System.Object,System.String@)': reference to unknown symbol 'IBrowserProcessHandler.OnContextInitialized'. (compiling source file ManagedCefBrowserAdapter.cpp)
D:\Projects\Cef\CefSharp-75.1.143\CefSharp.Core\RequestContext.h(277): warning C4638: XML document comment applied to 'CefSharp.RequestContext.ClearCertificateExceptions(CefSharp.ICompletionCallback)': reference to unknown symbol 'IRequestHandler.OnCertificateError'. (compiling source file ManagedCefBrowserAdapter.cpp)
D:\Projects\Cef\CefSharp-75.1.143\CefSharp.Core\RequestContext.h(277): warning C4638: XML document comment applied to 'CefSharp.RequestContext.ClearCertificateExceptions(CefSharp.ICompletionCallback)': reference to unknown symbol 'IRequestContext.CloseAllConnections'. (compiling source file ManagedCefBrowserAdapter.cpp)
D:\Projects\Cef\CefSharp-75.1.143\CefSharp.Core\RequestContext.h(303): warning C4638: XML document comment applied to 'CefSharp.RequestContext.DidLoadExtension(System.String)': reference to unknown symbol 'IBrowserProcessHandler.OnContextInitialized'. (compiling source file ManagedCefBrowserAdapter.cpp)
D:\Projects\Cef\CefSharp-75.1.143\CefSharp.Core\RequestContext.h(315): warning C4638: XML document comment applied to 'CefSharp.RequestContext.GetExtension(System.String)': reference to unknown symbol 'IBrowserProcessHandler.OnContextInitialized'. (compiling source file ManagedCefBrowserAdapter.cpp)
D:\Projects\Cef\CefSharp-75.1.143\CefSharp.Core\RequestContext.h(328): warning C4638: XML document comment applied to 'CefSharp.RequestContext.GetExtensions(System.Collections.Generic.IList`1{System.String}@)': reference to unknown symbol 'extensionIds'. (compiling source file ManagedCefBrowserAdapter.cpp)
D:\Projects\Cef\CefSharp-75.1.143\CefSharp.Core\RequestContext.h(328): warning C4638: XML document comment applied to 'CefSharp.RequestContext.GetExtensions(System.Collections.Generic.IList`1{System.String}@)': reference to unknown symbol 'IBrowserProcessHandler.OnContextInitialized'. (compiling source file ManagedCefBrowserAdapter.cpp)
D:\Projects\Cef\CefSharp-75.1.143\CefSharp.Core\RequestContext.h(342): warning C4638: XML document comment applied to 'CefSharp.RequestContext.HasExtension(System.String)': reference to unknown symbol 'IBrowserProcessHandler.OnContextInitialized'. (compiling source file ManagedCefBrowserAdapter.cpp)
D:\Projects\Cef\CefSharp-75.1.143\CefSharp.Core\RequestContext.h(356): warning C4638: XML document comment applied to 'CefSharp.RequestContext.LoadExtension(System.String,System.String,CefSharp.IExtensionHandler)': reference to unknown symbol 'IExtensionHandler.OnExtensionLoaded'. (compiling source file ManagedCefBrowserAdapter.cpp)
D:\Projects\Cef\CefSharp-75.1.143\CefSharp.Core\RequestContext.h(356): warning C4638: XML document comment applied to 'CefSharp.RequestContext.LoadExtension(System.String,System.String,CefSharp.IExtensionHandler)': reference to unknown symbol 'IExtensionHandler.OnExtensionLoadFailed'. (compiling source file ManagedCefBrowserAdapter.cpp)
D:\Projects\Cef\CefSharp-75.1.143\CefSharp.Core\RequestContext.h(356): warning C4638: XML document comment applied to 'CefSharp.RequestContext.LoadExtension(System.String,System.String,CefSharp.IExtensionHandler)': reference to unknown symbol 'IExtensionHandler.OnBeforeBackgroundBrowser'. (compiling source file ManagedCefBrowserAdapter.cpp)
  CefRequestContextHandlerAdapter.cpp
  RequestContext.cpp
  ResourceHandlerWrapper.cpp
D:\Projects\Cef\CefSharp-75.1.143\CefSharp.Core\RequestContext.h(356): warning C4638: XML document comment applied to 'CefSharp.RequestContext.LoadExtension(System.String,System.String,CefSharp.IExtensionHandler)': reference to unknown symbol 'IBrowserHost.GetExtension'. (compiling source file ManagedCefBrowserAdapter.cpp)
D:\Projects\Cef\CefSharp-75.1.143\CefSharp.Core\RequestContext.h(203): warning C4638: XML document comment applied to 'CefSharp.RequestContext.HasPreference(System.String)': reference to unknown symbol 'IBrowserProcessHandler.OnContextInitialized'. (compiling source file Internals\CefRequestContextHandlerAdapter.cpp)
D:\Projects\Cef\CefSharp-75.1.143\CefSharp.Core\RequestContext.h(216): warning C4638: XML document comment applied to 'CefSharp.RequestContext.GetPreference(System.String)': reference to unknown symbol 'IBrowserProcessHandler.OnContextInitialized'. (compiling source file Internals\CefRequestContextHandlerAdapter.cpp)
D:\Projects\Cef\CefSharp-75.1.143\CefSharp.Core\RequestContext.h(244): warning C4638: XML document comment applied to 'CefSharp.RequestContext.CanSetPreference(System.String)': reference to unknown symbol 'IBrowserProcessHandler.OnContextInitialized'. (compiling source file Internals\CefRequestContextHandlerAdapter.cpp)
D:\Projects\Cef\CefSharp-75.1.143\CefSharp.Core\RequestContext.h(259): warning C4638: XML document comment applied to 'CefSharp.RequestContext.SetPreference(System.String,System.Object,System.String@)': reference to unknown symbol 'IBrowserProcessHandler.OnContextInitialized'. (compiling source file Internals\CefRequestContextHandlerAdapter.cpp)
D:\Projects\Cef\CefSharp-75.1.143\CefSharp.Core\RequestContext.h(277): warning C4638: XML document comment applied to 'CefSharp.RequestContext.ClearCertificateExceptions(CefSharp.ICompletionCallback)': reference to unknown symbol 'IRequestHandler.OnCertificateError'. (compiling source file Internals\CefRequestContextHandlerAdapter.cpp)
D:\Projects\Cef\CefSharp-75.1.143\CefSharp.Core\RequestContext.h(277): warning C4638: XML document comment applied to 'CefSharp.RequestContext.ClearCertificateExceptions(CefSharp.ICompletionCallback)': reference to unknown symbol 'IRequestContext.CloseAllConnections'. (compiling source file Internals\CefRequestContextHandlerAdapter.cpp)
D:\Projects\Cef\CefSharp-75.1.143\CefSharp.Core\RequestContext.h(303): warning C4638: XML document comment applied to 'CefSharp.RequestContext.DidLoadExtension(System.String)': reference to unknown symbol 'IBrowserProcessHandler.OnContextInitialized'. (compiling source file Internals\CefRequestContextHandlerAdapter.cpp)
D:\Projects\Cef\CefSharp-75.1.143\CefSharp.Core\RequestContext.h(315): warning C4638: XML document comment applied to 'CefSharp.RequestContext.GetExtension(System.String)': reference to unknown symbol 'IBrowserProcessHandler.OnContextInitialized'. (compiling source file Internals\CefRequestContextHandlerAdapter.cpp)
D:\Projects\Cef\CefSharp-75.1.143\CefSharp.Core\RequestContext.h(328): warning C4638: XML document comment applied to 'CefSharp.RequestContext.GetExtensions(System.Collections.Generic.IList`1{System.String}@)': reference to unknown symbol 'extensionIds'. (compiling source file Internals\CefRequestContextHandlerAdapter.cpp)
D:\Projects\Cef\CefSharp-75.1.143\CefSharp.Core\RequestContext.h(328): warning C4638: XML document comment applied to 'CefSharp.RequestContext.GetExtensions(System.Collections.Generic.IList`1{System.String}@)': reference to unknown symbol 'IBrowserProcessHandler.OnContextInitialized'. (compiling source file Internals\CefRequestContextHandlerAdapter.cpp)
D:\Projects\Cef\CefSharp-75.1.143\CefSharp.Core\RequestContext.h(342): warning C4638: XML document comment applied to 'CefSharp.RequestContext.HasExtension(System.String)': reference to unknown symbol 'IBrowserProcessHandler.OnContextInitialized'. (compiling source file Internals\CefRequestContextHandlerAdapter.cpp)
D:\Projects\Cef\CefSharp-75.1.143\CefSharp.Core\RequestContext.h(356): warning C4638: XML document comment applied to 'CefSharp.RequestContext.LoadExtension(System.String,System.String,CefSharp.IExtensionHandler)': reference to unknown symbol 'IExtensionHandler.OnExtensionLoaded'. (compiling source file Internals\CefRequestContextHandlerAdapter.cpp)
D:\Projects\Cef\CefSharp-75.1.143\CefSharp.Core\RequestContext.h(356): warning C4638: XML document comment applied to 'CefSharp.RequestContext.LoadExtension(System.String,System.String,CefSharp.IExtensionHandler)': reference to unknown symbol 'IExtensionHandler.OnExtensionLoadFailed'. (compiling source file Internals\CefRequestContextHandlerAdapter.cpp)
D:\Projects\Cef\CefSharp-75.1.143\CefSharp.Core\RequestContext.h(356): warning C4638: XML document comment applied to 'CefSharp.RequestContext.LoadExtension(System.String,System.String,CefSharp.IExtensionHandler)': reference to unknown symbol 'IExtensionHandler.OnBeforeBackgroundBrowser'. (compiling source file Internals\CefRequestContextHandlerAdapter.cpp)
D:\Projects\Cef\CefSharp-75.1.143\CefSharp.Core\RequestContext.h(356): warning C4638: XML document comment applied to 'CefSharp.RequestContext.LoadExtension(System.String,System.String,CefSharp.IExtensionHandler)': reference to unknown symbol 'IBrowserHost.GetExtension'. (compiling source file Internals\CefRequestContextHandlerAdapter.cpp)
D:\Projects\Cef\CefSharp-75.1.143\CefSharp.Core\RequestContext.h(203): warning C4638: XML document comment applied to 'CefSharp.RequestContext.HasPreference(System.String)': reference to unknown symbol 'IBrowserProcessHandler.OnContextInitialized'. (compiling source file RequestContext.cpp)
D:\Projects\Cef\CefSharp-75.1.143\CefSharp.Core\RequestContext.h(216): warning C4638: XML document comment applied to 'CefSharp.RequestContext.GetPreference(System.String)': reference to unknown symbol 'IBrowserProcessHandler.OnContextInitialized'. (compiling source file RequestContext.cpp)
D:\Projects\Cef\CefSharp-75.1.143\CefSharp.Core\RequestContext.h(244): warning C4638: XML document comment applied to 'CefSharp.RequestContext.CanSetPreference(System.String)': reference to unknown symbol 'IBrowserProcessHandler.OnContextInitialized'. (compiling source file RequestContext.cpp)
D:\Projects\Cef\CefSharp-75.1.143\CefSharp.Core\RequestContext.h(259): warning C4638: XML document comment applied to 'CefSharp.RequestContext.SetPreference(System.String,System.Object,System.String@)': reference to unknown symbol 'IBrowserProcessHandler.OnContextInitialized'. (compiling source file RequestContext.cpp)
D:\Projects\Cef\CefSharp-75.1.143\CefSharp.Core\RequestContext.h(277): warning C4638: XML document comment applied to 'CefSharp.RequestContext.ClearCertificateExceptions(CefSharp.ICompletionCallback)': reference to unknown symbol 'IRequestHandler.OnCertificateError'. (compiling source file RequestContext.cpp)
D:\Projects\Cef\CefSharp-75.1.143\CefSharp.Core\RequestContext.h(277): warning C4638: XML document comment applied to 'CefSharp.RequestContext.ClearCertificateExceptions(CefSharp.ICompletionCallback)': reference to unknown symbol 'IRequestContext.CloseAllConnections'. (compiling source file RequestContext.cpp)
D:\Projects\Cef\CefSharp-75.1.143\CefSharp.Core\RequestContext.h(303): warning C4638: XML document comment applied to 'CefSharp.RequestContext.DidLoadExtension(System.String)': reference to unknown symbol 'IBrowserProcessHandler.OnContextInitialized'. (compiling source file RequestContext.cpp)
D:\Projects\Cef\CefSharp-75.1.143\CefSharp.Core\RequestContext.h(315): warning C4638: XML document comment applied to 'CefSharp.RequestContext.GetExtension(System.String)': reference to unknown symbol 'IBrowserProcessHandler.OnContextInitialized'. (compiling source file RequestContext.cpp)
D:\Projects\Cef\CefSharp-75.1.143\CefSharp.Core\RequestContext.h(328): warning C4638: XML document comment applied to 'CefSharp.RequestContext.GetExtensions(System.Collections.Generic.IList`1{System.String}@)': reference to unknown symbol 'extensionIds'. (compiling source file RequestContext.cpp)
D:\Projects\Cef\CefSharp-75.1.143\CefSharp.Core\RequestContext.h(328): warning C4638: XML document comment applied to 'CefSharp.RequestContext.GetExtensions(System.Collections.Generic.IList`1{System.String}@)': reference to unknown symbol 'IBrowserProcessHandler.OnContextInitialized'. (compiling source file RequestContext.cpp)
D:\Projects\Cef\CefSharp-75.1.143\CefSharp.Core\RequestContext.h(342): warning C4638: XML document comment applied to 'CefSharp.RequestContext.HasExtension(System.String)': reference to unknown symbol 'IBrowserProcessHandler.OnContextInitialized'. (compiling source file RequestContext.cpp)
D:\Projects\Cef\CefSharp-75.1.143\CefSharp.Core\RequestContext.h(356): warning C4638: XML document comment applied to 'CefSharp.RequestContext.LoadExtension(System.String,System.String,CefSharp.IExtensionHandler)': reference to unknown symbol 'IExtensionHandler.OnExtensionLoaded'. (compiling source file RequestContext.cpp)
D:\Projects\Cef\CefSharp-75.1.143\CefSharp.Core\RequestContext.h(356): warning C4638: XML document comment applied to 'CefSharp.RequestContext.LoadExtension(System.String,System.String,CefSharp.IExtensionHandler)': reference to unknown symbol 'IExtensionHandler.OnExtensionLoadFailed'. (compiling source file RequestContext.cpp)
D:\Projects\Cef\CefSharp-75.1.143\CefSharp.Core\RequestContext.h(356): warning C4638: XML document comment applied to 'CefSharp.RequestContext.LoadExtension(System.String,System.String,CefSharp.IExtensionHandler)': reference to unknown symbol 'IExtensionHandler.OnBeforeBackgroundBrowser'. (compiling source file RequestContext.cpp)
D:\Projects\Cef\CefSharp-75.1.143\CefSharp.Core\RequestContext.h(356): warning C4638: XML document comment applied to 'CefSharp.RequestContext.LoadExtension(System.String,System.String,CefSharp.IExtensionHandler)': reference to unknown symbol 'IBrowserHost.GetExtension'. (compiling source file RequestContext.cpp)
D:\Projects\Cef\CefSharp-75.1.143\CefSharp.Core\Internals\TypeConversion.h(240,36): warning C4018: '<': signed/unsigned mismatch (compiling source file Internals\CefRequestContextHandlerAdapter.cpp)
D:\Projects\Cef\CefSharp-75.1.143\CefSharp.Core\Internals\TypeConversion.h(254,36): warning C4018: '<': signed/unsigned mismatch (compiling source file Internals\CefRequestContextHandlerAdapter.cpp)
D:\Projects\Cef\CefSharp-75.1.143\CefSharp.Core\Internals\TypeConversion.h(240,36): warning C4018: '<': signed/unsigned mismatch (compiling source file ResourceHandlerWrapper.cpp)
D:\Projects\Cef\CefSharp-75.1.143\CefSharp.Core\Internals\TypeConversion.h(254,36): warning C4018: '<': signed/unsigned mismatch (compiling source file ResourceHandlerWrapper.cpp)
D:\Projects\Cef\CefSharp-75.1.143\CefSharp.Core\ResourceHandlerWrapper.cpp(68,5): warning C4947: 'CefSharp::IResourceHandler::ProcessRequest': marked as obsolete
D:\Projects\Cef\CefSharp-75.1.143\CefSharp.Core\ResourceHandlerWrapper.cpp(68,5): message : Message: 'This method is deprecated and will be removed in the next version. Use Open instead.'
D:\Projects\Cef\CefSharp-75.1.143\CefSharp.Core\ResourceHandlerWrapper.cpp(76,5): warning C4947: 'CefSharp::IResourceHandler::ReadResponse': marked as obsolete
D:\Projects\Cef\CefSharp-75.1.143\CefSharp.Core\ResourceHandlerWrapper.cpp(76,5): message : Message: 'This method is deprecated and will be removed in the next version. Use Skip and Read instead.'
D:\Projects\Cef\CefSharp-75.1.143\CefSharp.Core\Internals\JavascriptCallbackProxy.cpp(65): warning C4715: 'CefSharp::Internals::JavascriptCallbackProxy::ExecuteWithTimeoutAsync': not all control paths return a value
D:\Projects\Cef\CefSharp-75.1.143\packages\cef.sdk.75.1.14\CEF\include\base\internal\cef_atomicops_x86_msvc.h(73): warning C4793: 'base::subtle::Barrier_AtomicIncrement': function compiled as native:
D:\Projects\Cef\CefSharp-75.1.143\packages\cef.sdk.75.1.14\CEF\include\base\internal\cef_atomicops_x86_msvc.h(73): warning C4793: 	Found an intrinsic not supported in managed code
D:\Projects\Cef\CefSharp-75.1.143\packages\cef.sdk.75.1.14\CEF\include\base\internal\cef_atomicops_x86_msvc.h(73): warning C4793: 'base::subtle::Barrier_AtomicIncrement': function compiled as native:
D:\Projects\Cef\CefSharp-75.1.143\packages\cef.sdk.75.1.14\CEF\include\base\internal\cef_atomicops_x86_msvc.h(73): warning C4793: 	Found an intrinsic not supported in managed code
D:\Projects\Cef\CefSharp-75.1.143\packages\cef.sdk.75.1.14\CEF\include\base\internal\cef_atomicops_x86_msvc.h(73): warning C4793: 'base::subtle::Barrier_AtomicIncrement': function compiled as native:
D:\Projects\Cef\CefSharp-75.1.143\packages\cef.sdk.75.1.14\CEF\include\base\internal\cef_atomicops_x86_msvc.h(73): warning C4793: 	Found an intrinsic not supported in managed code
D:\Projects\Cef\CefSharp-75.1.143\CefSharp.Core\Internals\TypeConversion.h(240,36): warning C4018: '<': signed/unsigned mismatch (compiling source file RequestContext.cpp)
D:\Projects\Cef\CefSharp-75.1.143\CefSharp.Core\Internals\TypeConversion.h(254,36): warning C4018: '<': signed/unsigned mismatch (compiling source file RequestContext.cpp)
D:\Projects\Cef\CefSharp-75.1.143\packages\cef.sdk.75.1.14\CEF\include\base\internal\cef_atomicops_x86_msvc.h(73): warning C4793: 'base::subtle::Barrier_AtomicIncrement': function compiled as native:
D:\Projects\Cef\CefSharp-75.1.143\packages\cef.sdk.75.1.14\CEF\include\base\internal\cef_atomicops_x86_msvc.h(73): warning C4793: 	Found an intrinsic not supported in managed code
D:\Projects\Cef\CefSharp-75.1.143\packages\cef.sdk.75.1.14\CEF\include\base\internal\cef_atomicops_x86_msvc.h(73): warning C4793: 'base::subtle::Barrier_AtomicIncrement': function compiled as native:
D:\Projects\Cef\CefSharp-75.1.143\packages\cef.sdk.75.1.14\CEF\include\base\internal\cef_atomicops_x86_msvc.h(73): warning C4793: 	Found an intrinsic not supported in managed code
D:\Projects\Cef\CefSharp-75.1.143\packages\cef.sdk.75.1.14\CEF\include\base\internal\cef_atomicops_x86_msvc.h(73): warning C4793: 'base::subtle::Barrier_AtomicIncrement': function compiled as native:
D:\Projects\Cef\CefSharp-75.1.143\packages\cef.sdk.75.1.14\CEF\include\base\internal\cef_atomicops_x86_msvc.h(73): warning C4793: 	Found an intrinsic not supported in managed code
D:\Projects\Cef\CefSharp-75.1.143\CefSharp.Core\RequestContext.cpp : warning C4793: 'CefRequestContext::`vcall'{72}'': function compiled as native:
D:\Projects\Cef\CefSharp-75.1.143\CefSharp.Core\RequestContext.cpp : warning C4793: 	non-clrcall vcall thunks must be compiled as native
D:\Projects\Cef\CefSharp-75.1.143\packages\cef.sdk.75.1.14\CEF\include\base\internal\cef_atomicops_x86_msvc.h(73): warning C4793: 'base::subtle::Barrier_AtomicIncrement': function compiled as native:
D:\Projects\Cef\CefSharp-75.1.143\packages\cef.sdk.75.1.14\CEF\include\base\internal\cef_atomicops_x86_msvc.h(73): warning C4793: 	Found an intrinsic not supported in managed code
  .NETFramework,Version=v4.5.2.AssemblyAttributes.cpp
     Creating library bin\Win32\Debug\CefSharp.Core.lib and object bin\Win32\Debug\CefSharp.Core.exp
  CefSharp.Core.vcxproj -> D:\Projects\Cef\CefSharp-75.1.143\CefSharp.Core\bin\Win32\Debug\CefSharp.Core.dll
