  Stdafx.cpp
  ObjectsSerialization.cpp
  Primitives.cpp
  AssemblyInfo.cpp
  JavascriptAsyncMethodCallback.cpp
  JavascriptAsyncMethodHandler.cpp
  JavascriptAsyncMethodWrapper.cpp
  JavascriptAsyncObjectWrapper.cpp
  CefAppUnmanagedWrapper.cpp
D:\Projects\Cef\CefSharp-75.1.143\CefSharp.Core\Internals\Serialization\ObjectsSerialization.cpp(58,40): warning C4018: '<': signed/unsigned mismatch
D:\Projects\Cef\CefSharp-75.1.143\CefSharp.Core\Internals\Serialization\ObjectsSerialization.h(27): message : see reference to function template instantiation 'System::Object ^CefSharp::Internals::Serialization::DeserializeObject<CefListValue,int>(const scoped_refptr<CefListValue> &,int,CefSharp::Internals::IJavascriptCallbackFactory ^)' being compiled (compiling source file ..\CefSharp.Core\Internals\Serialization\ObjectsSerialization.cpp)
  Frame.cpp
  Browser.cpp
  WcfEnabledSubProcess.cpp
D:\Projects\Cef\CefSharp-75.1.143\CefSharp.Core\Internals\Serialization\ObjectsSerialization.cpp(72,40): warning C4018: '<': signed/unsigned mismatch
  JavascriptCallbackRegistry.cpp
D:\Projects\Cef\CefSharp-75.1.143\CefSharp.BrowserSubprocess.Core\Async\JavascriptAsyncMethodHandler.cpp(57,36): warning C4018: '<': signed/unsigned mismatch
D:\Projects\Cef\CefSharp-75.1.143\CefSharp.BrowserSubprocess.Core\BindObjectAsyncHandler.h(79,44): warning C4018: '<': signed/unsigned mismatch (compiling source file CefAppUnmanagedWrapper.cpp)
  JavascriptMethodHandler.cpp
D:\Projects\Cef\CefSharp-75.1.143\packages\cef.sdk.75.1.14\CEF\include\base\internal\cef_atomicops_x86_msvc.h(73): warning C4793: 'base::subtle::Barrier_AtomicIncrement': function compiled as native:
D:\Projects\Cef\CefSharp-75.1.143\packages\cef.sdk.75.1.14\CEF\include\base\internal\cef_atomicops_x86_msvc.h(73): warning C4793: 	Found an intrinsic not supported in managed code
  JavascriptMethodWrapper.cpp
  JavascriptObjectWrapper.cpp
  JavascriptPropertyWrapper.cpp
  JavascriptRootObjectWrapper.cpp
D:\Projects\Cef\CefSharp-75.1.143\packages\cef.sdk.75.1.14\CEF\include\base\internal\cef_atomicops_x86_msvc.h(73): warning C4793: 'base::subtle::Barrier_AtomicIncrement': function compiled as native:
D:\Projects\Cef\CefSharp-75.1.143\packages\cef.sdk.75.1.14\CEF\include\base\internal\cef_atomicops_x86_msvc.h(73): warning C4793: 	Found an intrinsic not supported in managed code
  JsObjectsSerialization.cpp
  TypeUtils.cpp
D:\Projects\Cef\CefSharp-75.1.143\packages\cef.sdk.75.1.14\CEF\include\base\internal\cef_atomicops_x86_msvc.h(73): warning C4793: 'base::subtle::Barrier_AtomicIncrement': function compiled as native:
D:\Projects\Cef\CefSharp-75.1.143\packages\cef.sdk.75.1.14\CEF\include\base\internal\cef_atomicops_x86_msvc.h(73): warning C4793: 	Found an intrinsic not supported in managed code
  V8Serialization.cpp
D:\Projects\Cef\CefSharp-75.1.143\packages\cef.sdk.75.1.14\CEF\include\base\internal\cef_atomicops_x86_msvc.h(73): warning C4793: 'base::subtle::Barrier_AtomicIncrement': function compiled as native:
D:\Projects\Cef\CefSharp-75.1.143\packages\cef.sdk.75.1.14\CEF\include\base\internal\cef_atomicops_x86_msvc.h(73): warning C4793: 	Found an intrinsic not supported in managed code
D:\Projects\Cef\CefSharp-75.1.143\CefSharp.BrowserSubprocess.Core\Serialization\JsObjectsSerialization.cpp(71,36): warning C4018: '<': signed/unsigned mismatch
D:\Projects\Cef\CefSharp-75.1.143\packages\cef.sdk.75.1.14\CEF\include\base\internal\cef_atomicops_x86_msvc.h(73): warning C4793: 'base::subtle::Barrier_AtomicIncrement': function compiled as native:
D:\Projects\Cef\CefSharp-75.1.143\packages\cef.sdk.75.1.14\CEF\include\base\internal\cef_atomicops_x86_msvc.h(73): warning C4793: 	Found an intrinsic not supported in managed code
D:\Projects\Cef\CefSharp-75.1.143\packages\cef.sdk.75.1.14\CEF\include\base\internal\cef_atomicops_x86_msvc.h(73): warning C4793: 'base::subtle::Barrier_AtomicIncrement': function compiled as native:
D:\Projects\Cef\CefSharp-75.1.143\packages\cef.sdk.75.1.14\CEF\include\base\internal\cef_atomicops_x86_msvc.h(73): warning C4793: 	Found an intrinsic not supported in managed code
D:\Projects\Cef\CefSharp-75.1.143\CefSharp.BrowserSubprocess.Core\Serialization\V8Serialization.cpp(86,43): warning C4018: '<': signed/unsigned mismatch
D:\Projects\Cef\CefSharp-75.1.143\CefSharp.BrowserSubprocess.Core\Serialization\V8Serialization.cpp(181): message : see reference to function template instantiation 'void CefSharp::Internals::Serialization::SerializeV8Object<CefListValue,int>(const scoped_refptr<CefV8Value> &,const scoped_refptr<CefListValue> &,const int &,CefSharp::Internals::JavascriptCallbackRegistry ^,CefSharp::Internals::Serialization::value_deque &)' being compiled
D:\Projects\Cef\CefSharp-75.1.143\CefSharp.BrowserSubprocess.Core\Serialization\V8Serialization.cpp(153,40): warning C4018: '<': signed/unsigned mismatch
D:\Projects\Cef\CefSharp-75.1.143\CefSharp.BrowserSubprocess.Core\Serialization\V8Serialization.cpp(183): message : see reference to function template instantiation 'scoped_refptr<CefV8Value> CefSharp::Internals::Serialization::DeserializeV8Object<CefListValue,int>(const scoped_refptr<CefListValue> &,const int &)' being compiled
D:\Projects\Cef\CefSharp-75.1.143\CefSharp.BrowserSubprocess.Core\Serialization\V8Serialization.cpp(168,40): warning C4018: '<': signed/unsigned mismatch
D:\Projects\Cef\CefSharp-75.1.143\packages\cef.sdk.75.1.14\CEF\include\base\internal\cef_atomicops_x86_msvc.h(73): warning C4793: 'base::subtle::Barrier_AtomicIncrement': function compiled as native:
D:\Projects\Cef\CefSharp-75.1.143\packages\cef.sdk.75.1.14\CEF\include\base\internal\cef_atomicops_x86_msvc.h(73): warning C4793: 	Found an intrinsic not supported in managed code
D:\Projects\Cef\CefSharp-75.1.143\packages\cef.sdk.75.1.14\CEF\include\base\internal\cef_atomicops_x86_msvc.h(73): warning C4793: 'base::subtle::Barrier_AtomicIncrement': function compiled as native:
D:\Projects\Cef\CefSharp-75.1.143\packages\cef.sdk.75.1.14\CEF\include\base\internal\cef_atomicops_x86_msvc.h(73): warning C4793: 	Found an intrinsic not supported in managed code
D:\Projects\Cef\CefSharp-75.1.143\packages\cef.sdk.75.1.14\CEF\include\base\internal\cef_atomicops_x86_msvc.h(73): warning C4793: 'base::subtle::Barrier_AtomicIncrement': function compiled as native:
D:\Projects\Cef\CefSharp-75.1.143\packages\cef.sdk.75.1.14\CEF\include\base\internal\cef_atomicops_x86_msvc.h(73): warning C4793: 	Found an intrinsic not supported in managed code
  .NETFramework,Version=v4.5.2.AssemblyAttributes.cpp
  ObjectsSerialization.obj : /DEBUG:FASTLINK is not supported when managed code is present; restarting link with /DEBUG:FULL
  ObjectsSerialization.obj : MSIL module encountered; incremental linking is disabled for MSIL; performing full link
     Creating library bin\Win32\Debug\CefSharp.BrowserSubprocess.Core.lib and object bin\Win32\Debug\CefSharp.BrowserSubprocess.Core.exp
  CefSharp.BrowserSubprocess.Core.vcxproj -> D:\Projects\Cef\CefSharp-75.1.143\CefSharp.BrowserSubprocess.Core\bin\Win32\Debug\CefSharp.BrowserSubprocess.Core.dll
